[2020-01-10  14:16:30] INFO main/main Icecast 2.4.3 server started
[2020-01-10  14:16:30] INFO stats/_stats_thread stats thread started
[2020-01-10  14:16:30] INFO yp/yp_update_thread YP update thread started
[2020-01-10  14:16:30] INFO connection/get_ssl_certificate No SSL capability on any configured ports
[2020-01-10  14:17:53] INFO sighandler/_sig_die Caught signal 2, shutting down...
[2020-01-10  14:17:53] INFO main/main Shutting down
[2020-01-10  14:17:53] INFO fserve/fserve_shutdown file serving stopped
[2020-01-10  14:17:53] INFO slave/_slave_thread shutting down current relays
[2020-01-10  14:17:53] INFO slave/_slave_thread Slave thread shutdown complete
[2020-01-10  14:17:53] INFO auth/auth_shutdown Auth shutdown
[2020-01-10  14:17:53] INFO yp/yp_shutdown YP thread down
[2020-01-10  14:17:53] INFO stats/stats_shutdown stats thread finished
[2020-01-10  14:29:15] INFO main/main Icecast 2.4.3 server started
[2020-01-10  14:29:15] INFO yp/yp_update_thread YP update thread started
[2020-01-10  14:29:15] INFO connection/get_ssl_certificate No SSL capability on any configured ports
[2020-01-10  14:32:13] INFO connection/_handle_source_request Source logging in at mountpoint "/winamp.msu" from 192.168.50.224
[2020-01-10  14:32:13] WARN format/format_get_type Unsupported or legacy stream type: "audio/mpeg". Falling back to generic minimal handler for best effort.
[2020-01-10  14:32:13] INFO source/source_main listener count on /winamp.msu now 0
[2020-01-10  14:32:39] INFO fserve/fserve_client_create checking for file /winamp.m3u (/usr/local/share/icecast/web/winamp.m3u)
[2020-01-10  14:32:41] INFO fserve/fserve_client_create checking for file /winamp (/usr/local/share/icecast/web/winamp)
[2020-01-10  14:32:41] WARN fserve/fserve_client_create req for file "/usr/local/share/icecast/web/winamp" No such file or directory
[2020-01-10  14:33:18] INFO fserve/fserve_client_create checking for file /winamp.m3u (/usr/local/share/icecast/web/winamp.m3u)
[2020-01-10  14:33:20] INFO fserve/fserve_client_create checking for file /winamp (/usr/local/share/icecast/web/winamp)
[2020-01-10  14:33:20] WARN fserve/fserve_client_create req for file "/usr/local/share/icecast/web/winamp" No such file or directory
[2020-01-10  14:33:41] INFO fserve/fserve_client_create checking for file /winamp.m3u (/usr/local/share/icecast/web/winamp.m3u)
[2020-01-10  14:34:03] WARN admin/admin_handle_request Admin command listclients.xsl on non-existent source /winamp
[2020-01-10  14:34:10] INFO fserve/fserve_client_create checking for file /style.css (/usr/local/share/icecast/web/style.css)
[2020-01-10  14:34:10] INFO fserve/fserve_client_create checking for file /icecast.png (/usr/local/share/icecast/web/icecast.png)
[2020-01-10  14:34:10] INFO fserve/fserve_client_create checking for file /tunein.png (/usr/local/share/icecast/web/tunein.png)
[2020-01-10  14:34:39] INFO fserve/fserve_client_create checking for file /winamp.msu.m3u (/usr/local/share/icecast/web/winamp.msu.m3u)
[2020-01-10  14:34:43] INFO source/source_main listener count on /winamp.msu now 1
[2020-01-10  14:34:47] INFO source/source_main listener count on /winamp.msu now 0
[2020-01-10  14:35:02] INFO fserve/fserve_client_create checking for file /winamp.msu.m3u (/usr/local/share/icecast/web/winamp.msu.m3u)
[2020-01-10  14:36:30] INFO fserve/fserve_client_create checking for file /winamp.m3u (/usr/local/share/icecast/web/winamp.m3u)
[2020-01-10  14:36:32] INFO fserve/fserve_client_create checking for file /winamp (/usr/local/share/icecast/web/winamp)
[2020-01-10  14:36:32] WARN fserve/fserve_client_create req for file "/usr/local/share/icecast/web/winamp" No such file or directory
[2020-01-10  14:37:02] INFO fserve/fserve_client_create checking for file /winamp.msu.m3u (/usr/local/share/icecast/web/winamp.msu.m3u)
[2020-01-10  14:37:05] INFO source/source_main listener count on /winamp.msu now 1
[2020-01-10  14:37:10] INFO source/source_main listener count on /winamp.msu now 0
[2020-01-10  14:38:09] INFO fserve/fserve_client_create checking for file /winamp.msu.m3u (/usr/local/share/icecast/web/winamp.msu.m3u)
[2020-01-10  14:38:11] INFO source/source_main listener count on /winamp.msu now 1
[2020-01-10  14:38:15] INFO source/source_main listener count on /winamp.msu now 0
[2020-01-10  14:39:05] INFO sighandler/_sig_die Caught signal 15, shutting down...
[2020-01-10  14:39:05] INFO source/source_shutdown Source from 192.168.50.224 at "/winamp.msu" exiting
[2020-01-10  14:39:05] INFO main/main Shutting down
[2020-01-10  14:39:05] INFO fserve/fserve_shutdown file serving stopped
[2020-01-10  14:39:05] INFO slave/_slave_thread shutting down current relays
[2020-01-10  14:39:05] INFO slave/_slave_thread Slave thread shutdown complete
[2020-01-10  14:39:05] INFO auth/auth_shutdown Auth shutdown
[2020-01-10  14:39:05] INFO yp/yp_shutdown YP thread down
[2020-01-10  14:39:05] INFO stats/stats_shutdown stats thread finished
[2020-01-10  14:40:15] INFO main/main Icecast 2.4.3 server started
[2020-01-10  14:40:15] INFO yp/yp_update_thread YP update thread started
[2020-01-10  14:40:15] INFO connection/get_ssl_certificate No SSL capability on any configured ports
[2020-01-10  14:42:59] INFO connection/_handle_source_request Source logging in at mountpoint "/winamp.msu" from 192.168.50.224
[2020-01-10  14:42:59] WARN format/format_get_type Unsupported or legacy stream type: "audio/mpeg". Falling back to generic minimal handler for best effort.
[2020-01-10  14:43:00] INFO source/source_main listener count on /winamp.msu now 0
[2020-01-10  14:43:19] INFO fserve/fserve_client_create checking for file /winamp.msu.m3u (/usr/local/share/icecast/web/winamp.msu.m3u)
[2020-01-10  14:43:21] INFO source/source_main listener count on /winamp.msu now 1
[2020-01-10  14:43:25] INFO source/source_main listener count on /winamp.msu now 0
[2020-01-10  14:43:52] INFO source/get_next_buffer End of Stream /winamp.msu
[2020-01-10  14:43:52] INFO source/source_shutdown Source from 192.168.50.224 at "/winamp.msu" exiting
[2020-01-10  14:44:31] INFO fserve/fserve_client_create checking for file /winamp.msu.m3u (/usr/local/share/icecast/web/winamp.msu.m3u)
[2020-01-10  14:44:34] INFO fserve/fserve_client_create checking for file /winamp.msu (/usr/local/share/icecast/web/winamp.msu)
[2020-01-10  14:44:34] WARN fserve/fserve_client_create req for file "/usr/local/share/icecast/web/winamp.msu" No such file or directory
[2020-01-10  14:44:57] INFO connection/_handle_source_request Source logging in at mountpoint "/winamp.msu" from 192.168.50.224
[2020-01-10  14:44:57] WARN format/format_get_type Unsupported or legacy stream type: "audio/mpeg". Falling back to generic minimal handler for best effort.
[2020-01-10  14:44:57] INFO source/source_main listener count on /winamp.msu now 0
[2020-01-10  14:45:00] INFO fserve/fserve_client_create checking for file /winamp.msu.m3u (/usr/local/share/icecast/web/winamp.msu.m3u)
[2020-01-10  14:45:02] INFO source/source_main listener count on /winamp.msu now 1
[2020-01-10  14:45:23] INFO source/source_main listener count on /winamp.msu now 0
[2020-01-10  14:45:30] INFO fserve/fserve_client_create checking for file /winamp.msu.m3u (/usr/local/share/icecast/web/winamp.msu.m3u)
[2020-01-10  14:45:32] INFO source/source_main listener count on /winamp.msu now 1
[2020-01-10  14:45:37] INFO source/source_main listener count on /winamp.msu now 0
[2020-01-10  14:46:07] INFO source/get_next_buffer End of Stream /winamp.msu
[2020-01-10  14:46:07] INFO source/source_shutdown Source from 192.168.50.224 at "/winamp.msu" exiting
[2020-01-10  14:47:52] INFO connection/_handle_source_request Source logging in at mountpoint "/winamp.msu" from 192.168.50.224
[2020-01-10  14:47:52] WARN format/format_get_type Unsupported or legacy stream type: "audio/mpeg". Falling back to generic minimal handler for best effort.
[2020-01-10  14:47:53] INFO source/source_main listener count on /winamp.msu now 0
[2020-01-10  14:48:15] INFO source/get_next_buffer End of Stream /winamp.msu
[2020-01-10  14:48:15] INFO source/source_shutdown Source from 192.168.50.224 at "/winamp.msu" exiting
[2020-01-10  14:49:23] INFO connection/_handle_source_request Source logging in at mountpoint "/winamp.msu" from 192.168.50.224
[2020-01-10  14:49:23] WARN format/format_get_type Unsupported or legacy stream type: "audio/mpeg". Falling back to generic minimal handler for best effort.
[2020-01-10  14:49:23] INFO source/source_main listener count on /winamp.msu now 0
[2020-01-10  14:49:56] INFO source/get_next_buffer End of Stream /winamp.msu
[2020-01-10  14:49:56] INFO source/source_shutdown Source from 192.168.50.224 at "/winamp.msu" exiting
[2020-01-10  14:51:16] INFO connection/_handle_source_request Source logging in at mountpoint "/winamp.msu" from 192.168.50.224
[2020-01-10  14:51:16] WARN format/format_get_type Unsupported or legacy stream type: "audio/mpeg". Falling back to generic minimal handler for best effort.
[2020-01-10  14:51:16] INFO source/source_main listener count on /winamp.msu now 0
[2020-01-10  14:51:19] INFO source/get_next_buffer End of Stream /winamp.msu
[2020-01-10  14:51:19] INFO source/source_shutdown Source from 192.168.50.224 at "/winamp.msu" exiting
[2020-01-10  14:51:55] INFO connection/_handle_source_request Source logging in at mountpoint "/winamp.msu" from 192.168.50.224
[2020-01-10  14:51:55] WARN format/format_get_type Unsupported or legacy stream type: "audio/mpeg". Falling back to generic minimal handler for best effort.
[2020-01-10  14:51:55] INFO source/source_main listener count on /winamp.msu now 0
[2020-01-10  14:51:57] INFO source/get_next_buffer End of Stream /winamp.msu
[2020-01-10  14:51:57] INFO source/source_shutdown Source from 192.168.50.224 at "/winamp.msu" exiting
[2020-01-10  14:52:14] INFO sighandler/_sig_die Caught signal 15, shutting down...
[2020-01-10  14:52:14] INFO main/main Shutting down
[2020-01-10  14:52:14] INFO fserve/fserve_shutdown file serving stopped
[2020-01-10  14:52:15] INFO slave/_slave_thread shutting down current relays
[2020-01-10  14:52:15] INFO slave/_slave_thread Slave thread shutdown complete
[2020-01-10  14:52:15] INFO auth/auth_shutdown Auth shutdown
[2020-01-10  14:52:15] INFO yp/yp_shutdown YP thread down
[2020-01-10  14:52:15] INFO stats/stats_shutdown stats thread finished
[2020-01-10  14:53:18] INFO main/main Icecast 2.4.3 server started
[2020-01-10  14:53:18] INFO yp/yp_update_thread YP update thread started
[2020-01-10  14:53:18] INFO connection/get_ssl_certificate No SSL capability on any configured ports
[2020-01-10  14:53:18] INFO stats/_stats_thread stats thread started
[2020-01-10  14:57:48] INFO sighandler/_sig_die Caught signal 15, shutting down...
[2020-01-10  14:57:48] INFO main/main Shutting down
[2020-01-10  14:57:48] INFO fserve/fserve_shutdown file serving stopped
[2020-01-10  14:57:49] INFO slave/_slave_thread shutting down current relays
[2020-01-10  14:57:49] INFO slave/_slave_thread Slave thread shutdown complete
[2020-01-10  14:57:49] INFO auth/auth_shutdown Auth shutdown
[2020-01-10  14:57:49] INFO yp/yp_shutdown YP thread down
[2020-01-10  14:57:50] INFO stats/stats_shutdown stats thread finished
